<?xml version="1.0" encoding="UTF-8"?>
<testsuites name="backend tests" tests="8" failures="0" errors="0" time="7.607">
  <testsuite name="Backend Unit Tests" errors="0" failures="0" skipped="0" timestamp="2024-11-21T02:44:01" time="7.483" tests="8">
    <testcase classname="Backend Unit Tests Authentication Tests should validate POST /register" name="Backend Unit Tests Authentication Tests should validate POST /register" time="1.248">
    </testcase>
    <testcase classname="Backend Unit Tests Authentication Tests should validate POST /login" name="Backend Unit Tests Authentication Tests should validate POST /login" time="0.392">
    </testcase>
    <testcase classname="Backend Unit Tests Authenticated Tests should validate GET /headline" name="Backend Unit Tests Authenticated Tests should validate GET /headline" time="0.681">
    </testcase>
    <testcase classname="Backend Unit Tests Authenticated Tests should validate PUT /headline" name="Backend Unit Tests Authenticated Tests should validate PUT /headline" time="0.669">
    </testcase>
    <testcase classname="Backend Unit Tests Authenticated Tests should validate GET /articles" name="Backend Unit Tests Authenticated Tests should validate GET /articles" time="0.607">
    </testcase>
    <testcase classname="Backend Unit Tests Authenticated Tests should validate POST /article" name="Backend Unit Tests Authenticated Tests should validate POST /article" time="0.669">
    </testcase>
    <testcase classname="Backend Unit Tests Authenticated Tests should validate GET /articles/:id" name="Backend Unit Tests Authenticated Tests should validate GET /articles/:id" time="0.675">
    </testcase>
    <testcase classname="Backend Unit Tests Authenticated Tests should validate PUT /logout" name="Backend Unit Tests Authenticated Tests should validate PUT /logout" time="0.559">
    </testcase>
  </testsuite>
</testsuites>